<?xml version="1.0" encoding="UTF-8" ?>
<testsuite failures="0" time="3.331" errors="0" skipped="0" tests="1" name="sy.test.TestMybatis">
  <properties>
    <property name="java.runtime.name" value="Java(TM) SE Runtime Environment"/>
    <property name="sun.boot.library.path" value="D:\jdk\java\jre\bin"/>
    <property name="java.vm.version" value="20.45-b01"/>
    <property name="java.vm.vendor" value="Sun Microsystems Inc."/>
    <property name="java.vendor.url" value="http://java.sun.com/"/>
    <property name="path.separator" value=";"/>
    <property name="java.vm.name" value="Java HotSpot(TM) 64-Bit Server VM"/>
    <property name="file.encoding.pkg" value="sun.io"/>
    <property name="user.country" value="CN"/>
    <property name="sun.java.launcher" value="SUN_STANDARD"/>
    <property name="sun.os.patch.level" value="Service Pack 1"/>
    <property name="java.vm.specification.name" value="Java Virtual Machine Specification"/>
    <property name="user.dir" value="C:\Users\JIA\Documents\workspace-sts-3.6.3.SR1\spring-mybitis"/>
    <property name="java.runtime.version" value="1.6.0_45-b06"/>
    <property name="java.awt.graphicsenv" value="sun.awt.Win32GraphicsEnvironment"/>
    <property name="basedir" value="C:\Users\JIA\Documents\workspace-sts-3.6.3.SR1\spring-mybitis"/>
    <property name="java.endorsed.dirs" value="D:\jdk\java\jre\lib\endorsed"/>
    <property name="os.arch" value="amd64"/>
    <property name="surefire.real.class.path" value="C:\Users\JIA\Documents\workspace-sts-3.6.3.SR1\spring-mybitis\target\surefire\surefirebooter3663723949179035916.jar"/>
    <property name="java.io.tmpdir" value="C:\Users\JIA\AppData\Local\Temp\"/>
    <property name="line.separator" value="
"/>
    <property name="java.vm.specification.vendor" value="Sun Microsystems Inc."/>
    <property name="user.variant" value=""/>
    <property name="os.name" value="Windows 7"/>
    <property name="sun.jnu.encoding" value="GBK"/>
    <property name="java.library.path" value="D:\jdk\java\jre\bin;C:\Windows\Sun\Java\bin;C:\Windows\system32;C:\Windows;D:/jdk/java/jre/bin/server;D:/jdk/java/jre/bin;D:/jdk/java/jre/lib/amd64;E:\mongodb\mongodb-win32-x86_64-2008plus-2.6.7\bin;D:\jdk\java\jre\bin;D:\oracle\product\11.2.0\dbhome_1\bin;C:\Windows\system32;C:\Windows;C:\Windows\System32\Wbem;C:\Windows\System32\WindowsPowerShell\v1.0\;D:\jdk\java\bin;D:\maven\apache-maven-3.0.3\bin;C:\Program Files\TortoiseSVN\bin;E:\2014MY Tool\Tool\sts\sts-bundle\sts-3.6.3.SR1;;."/>
    <property name="surefire.test.class.path" value="C:\Users\JIA\Documents\workspace-sts-3.6.3.SR1\spring-mybitis\target\test-classes;C:\Users\JIA\Documents\workspace-sts-3.6.3.SR1\spring-mybitis\target\classes;D:\jt\m2-repo\org\springframework\spring-test\3.2.0.RELEASE\spring-test-3.2.0.RELEASE.jar;D:\jt\m2-repo\org\springframework\spring-webmvc\3.2.0.RELEASE\spring-webmvc-3.2.0.RELEASE.jar;D:\jt\m2-repo\org\springframework\spring-context\3.2.0.RELEASE\spring-context-3.2.0.RELEASE.jar;D:\jt\m2-repo\org\springframework\spring-aop\3.2.0.RELEASE\spring-aop-3.2.0.RELEASE.jar;D:\jt\m2-repo\org\springframework\spring-web\3.2.0.RELEASE\spring-web-3.2.0.RELEASE.jar;D:\jt\m2-repo\aopalliance\aopalliance\1.0\aopalliance-1.0.jar;D:\jt\m2-repo\org\springframework\spring-expression\3.2.0.RELEASE\spring-expression-3.2.0.RELEASE.jar;D:\jt\m2-repo\org\springframework\spring-beans\3.2.0.RELEASE\spring-beans-3.2.0.RELEASE.jar;D:\jt\m2-repo\org\springframework\spring-core\3.2.0.RELEASE\spring-core-3.2.0.RELEASE.jar;D:\jt\m2-repo\commons-logging\commons-logging\1.1.1\commons-logging-1.1.1.jar;D:\jt\m2-repo\org\mybatis\mybatis\3.1.1\mybatis-3.1.1.jar;D:\jt\m2-repo\org\mybatis\mybatis-spring\1.1.1\mybatis-spring-1.1.1.jar;D:\jt\m2-repo\org\springframework\spring-tx\3.1.1.RELEASE\spring-tx-3.1.1.RELEASE.jar;D:\jt\m2-repo\org\springframework\spring-jdbc\3.1.1.RELEASE\spring-jdbc-3.1.1.RELEASE.jar;D:\jt\m2-repo\mysql\mysql-connector-java\5.1.21\mysql-connector-java-5.1.21.jar;D:\jt\m2-repo\junit\junit\4.11\junit-4.11.jar;D:\jt\m2-repo\org\hamcrest\hamcrest-core\1.3\hamcrest-core-1.3.jar;D:\jt\m2-repo\com\alibaba\druid\0.2.9\druid-0.2.9.jar;D:\jt\m2-repo\org\aspectj\aspectjweaver\1.7.1\aspectjweaver-1.7.1.jar;D:\jt\m2-repo\org\codehaus\jackson\jackson-mapper-asl\1.9.11\jackson-mapper-asl-1.9.11.jar;D:\jt\m2-repo\org\codehaus\jackson\jackson-core-asl\1.9.11\jackson-core-asl-1.9.11.jar;D:\jt\m2-repo\commons-fileupload\commons-fileupload\1.2.2\commons-fileupload-1.2.2.jar;D:\jt\m2-repo\javax\servlet\servlet-api\3.0-alpha-1\servlet-api-3.0-alpha-1.jar;D:\jt\m2-repo\log4j\log4j\1.2.17\log4j-1.2.17.jar;D:\jt\m2-repo\com\alibaba\fastjson\1.1.26\fastjson-1.1.26.jar;"/>
    <property name="java.specification.name" value="Java Platform API Specification"/>
    <property name="java.class.version" value="50.0"/>
    <property name="sun.management.compiler" value="HotSpot 64-Bit Tiered Compilers"/>
    <property name="os.version" value="6.1"/>
    <property name="user.home" value="C:\Users\JIA"/>
    <property name="user.timezone" value="Asia/Shanghai"/>
    <property name="java.awt.printerjob" value="sun.awt.windows.WPrinterJob"/>
    <property name="java.specification.version" value="1.6"/>
    <property name="file.encoding" value="GBK"/>
    <property name="user.name" value="JIA"/>
    <property name="java.class.path" value="C:\Users\JIA\Documents\workspace-sts-3.6.3.SR1\spring-mybitis\target\test-classes;C:\Users\JIA\Documents\workspace-sts-3.6.3.SR1\spring-mybitis\target\classes;D:\jt\m2-repo\org\springframework\spring-test\3.2.0.RELEASE\spring-test-3.2.0.RELEASE.jar;D:\jt\m2-repo\org\springframework\spring-webmvc\3.2.0.RELEASE\spring-webmvc-3.2.0.RELEASE.jar;D:\jt\m2-repo\org\springframework\spring-context\3.2.0.RELEASE\spring-context-3.2.0.RELEASE.jar;D:\jt\m2-repo\org\springframework\spring-aop\3.2.0.RELEASE\spring-aop-3.2.0.RELEASE.jar;D:\jt\m2-repo\org\springframework\spring-web\3.2.0.RELEASE\spring-web-3.2.0.RELEASE.jar;D:\jt\m2-repo\aopalliance\aopalliance\1.0\aopalliance-1.0.jar;D:\jt\m2-repo\org\springframework\spring-expression\3.2.0.RELEASE\spring-expression-3.2.0.RELEASE.jar;D:\jt\m2-repo\org\springframework\spring-beans\3.2.0.RELEASE\spring-beans-3.2.0.RELEASE.jar;D:\jt\m2-repo\org\springframework\spring-core\3.2.0.RELEASE\spring-core-3.2.0.RELEASE.jar;D:\jt\m2-repo\commons-logging\commons-logging\1.1.1\commons-logging-1.1.1.jar;D:\jt\m2-repo\org\mybatis\mybatis\3.1.1\mybatis-3.1.1.jar;D:\jt\m2-repo\org\mybatis\mybatis-spring\1.1.1\mybatis-spring-1.1.1.jar;D:\jt\m2-repo\org\springframework\spring-tx\3.1.1.RELEASE\spring-tx-3.1.1.RELEASE.jar;D:\jt\m2-repo\org\springframework\spring-jdbc\3.1.1.RELEASE\spring-jdbc-3.1.1.RELEASE.jar;D:\jt\m2-repo\mysql\mysql-connector-java\5.1.21\mysql-connector-java-5.1.21.jar;D:\jt\m2-repo\junit\junit\4.11\junit-4.11.jar;D:\jt\m2-repo\org\hamcrest\hamcrest-core\1.3\hamcrest-core-1.3.jar;D:\jt\m2-repo\com\alibaba\druid\0.2.9\druid-0.2.9.jar;D:\jt\m2-repo\org\aspectj\aspectjweaver\1.7.1\aspectjweaver-1.7.1.jar;D:\jt\m2-repo\org\codehaus\jackson\jackson-mapper-asl\1.9.11\jackson-mapper-asl-1.9.11.jar;D:\jt\m2-repo\org\codehaus\jackson\jackson-core-asl\1.9.11\jackson-core-asl-1.9.11.jar;D:\jt\m2-repo\commons-fileupload\commons-fileupload\1.2.2\commons-fileupload-1.2.2.jar;D:\jt\m2-repo\javax\servlet\servlet-api\3.0-alpha-1\servlet-api-3.0-alpha-1.jar;D:\jt\m2-repo\log4j\log4j\1.2.17\log4j-1.2.17.jar;D:\jt\m2-repo\com\alibaba\fastjson\1.1.26\fastjson-1.1.26.jar;"/>
    <property name="java.vm.specification.version" value="1.0"/>
    <property name="sun.arch.data.model" value="64"/>
    <property name="java.home" value="D:\jdk\java\jre"/>
    <property name="sun.java.command" value="C:\Users\JIA\Documents\workspace-sts-3.6.3.SR1\spring-mybitis\target\surefire\surefirebooter3663723949179035916.jar C:\Users\JIA\Documents\workspace-sts-3.6.3.SR1\spring-mybitis\target\surefire\surefire325529173991627856tmp C:\Users\JIA\Documents\workspace-sts-3.6.3.SR1\spring-mybitis\target\surefire\surefire6230333022078339597tmp"/>
    <property name="java.specification.vendor" value="Sun Microsystems Inc."/>
    <property name="user.language" value="zh"/>
    <property name="awt.toolkit" value="sun.awt.windows.WToolkit"/>
    <property name="java.vm.info" value="mixed mode"/>
    <property name="java.version" value="1.6.0_45"/>
    <property name="java.ext.dirs" value="D:\jdk\java\jre\lib\ext;C:\Windows\Sun\Java\lib\ext"/>
    <property name="sun.boot.class.path" value="D:\jdk\java\jre\lib\resources.jar;D:\jdk\java\jre\lib\rt.jar;D:\jdk\java\jre\lib\sunrsasign.jar;D:\jdk\java\jre\lib\jsse.jar;D:\jdk\java\jre\lib\jce.jar;D:\jdk\java\jre\lib\charsets.jar;D:\jdk\java\jre\lib\modules\jdk.boot.jar;D:\jdk\java\jre\classes"/>
    <property name="java.vendor" value="Sun Microsystems Inc."/>
    <property name="localRepository" value="D:\jt\m2-repo"/>
    <property name="file.separator" value="\"/>
    <property name="java.vendor.url.bug" value="http://java.sun.com/cgi-bin/bugreport.cgi"/>
    <property name="sun.cpu.endian" value="little"/>
    <property name="sun.io.unicode.encoding" value="UnicodeLittle"/>
    <property name="sun.desktop" value="windows"/>
    <property name="sun.cpu.isalist" value="amd64"/>
  </properties>
  <testcase time="3.262" classname="sy.test.TestMybatis" name="testone"/>
</testsuite>